----------------------------------------------------------------
2016-07-29 14:34:09.884 GMT:
 Booting Derby version The Apache Software Foundation - Apache Derby - 10.5.3.0 - (802917): instance a816c00e-0156-3713-a5eb-000008ae5150
on database directory /Users/anagarwa/Desktop/Code/apache/jackrabbit/jackrabbit-core/target/repository/version/db  

Database Class Loader started - derby.database.classpath=''
----------------------------------------------------------------
2016-07-29 14:34:10.392 GMT:
 Booting Derby version The Apache Software Foundation - Apache Derby - 10.5.3.0 - (802917): instance 888c4022-0156-3713-a5eb-000008ae5150
on database directory /Users/anagarwa/Desktop/Code/apache/jackrabbit/jackrabbit-core/target/repository/workspaces/default/db  

Database Class Loader started - derby.database.classpath=''
----------------------------------------------------------------
2016-07-29 14:34:11.067 GMT:
 Booting Derby version The Apache Software Foundation - Apache Derby - 10.5.3.0 - (802917): instance 6965c036-0156-3713-a5eb-000008ae5150
on database directory /Users/anagarwa/Desktop/Code/apache/jackrabbit/jackrabbit-core/target/repository/workspaces/security/db  

Database Class Loader started - derby.database.classpath=''

2016-07-29 14:34:12.117 GMT:
Shutting down instance 888c4022-0156-3713-a5eb-000008ae5150
----------------------------------------------------------------

2016-07-29 14:34:12.180 GMT:
Shutting down instance 6965c036-0156-3713-a5eb-000008ae5150
----------------------------------------------------------------

2016-07-29 14:34:12.200 GMT:
Shutting down instance a816c00e-0156-3713-a5eb-000008ae5150
----------------------------------------------------------------
